# JRE version: OpenJDK Runtime Environment Temurin-21.0.5+11 (21.0.5+11) (build 21.0.5+11-LTS)
# Java VM: OpenJDK 64-Bit Server VM Temurin-21.0.5+11 (21.0.5+11-LTS, mixed mode, emulated-client, sharing, tiered, compressed oops, compressed class ptrs, g1 gc, linux-amd64)
GC Precious Log:
 CardTable entry size: 512
 Card Set container configuration: InlinePtr #cards 5 size 8 Array Of Cards #cards 12 size 40 Howl #buckets 4 coarsen threshold 1843 Howl Bitmap #cards 512 size 80 coarsen threshold 460 Card regions per heap region 1 cards per card region 2048
 CPUs: 16 total, 12 available
 Memory: 7274M
 Large Page Support: Disabled
 NUMA Support: Disabled
 Compressed Oops: Enabled (32-bit)
 Heap Region Size: 1M
 Heap Min Capacity: 8M
 Heap Initial Capacity: 114M
 Heap Max Capacity: 1820M
 Pre-touch: Disabled
 Parallel Workers: 10
 Concurrent Workers: 3
 Concurrent Refinement Workers: 10
 Periodic GC: Disabled
Heap:
 garbage-first heap   total 48128K, used 39735K [0x000000008e400000, 0x0000000100000000)
  region size 1024K, 26 young (26624K), 3 survivors (3072K)
 Metaspace       used 40399K, committed 41152K, reserved 1114112K
  class space    used 5504K, committed 5824K, reserved 1048576K
GC Heap History (20 events):
Event: 1653,712 GC heap after
{Heap after GC invocations=47 (full 17):
 garbage-first heap   total 48128K, used 14755K [0x000000008e400000, 0x0000000100000000)
  region size 1024K, 0 young (0K), 0 survivors (0K)
 Metaspace       used 39448K, committed 40128K, reserved 1114112K
  class space    used 5346K, committed 5632K, reserved 1048576K
}
Event: 1654,077 GC heap before
{Heap before GC invocations=47 (full 17):
 garbage-first heap   total 48128K, used 39331K [0x000000008e400000, 0x0000000100000000)
  region size 1024K, 24 young (24576K), 0 survivors (0K)
 Metaspace       used 39540K, committed 40256K, reserved 1114112K
  class space    used 5360K, committed 5696K, reserved 1048576K
}
Event: 1654,081 GC heap after
{Heap after GC invocations=48 (full 17):
 garbage-first heap   total 48128K, used 17245K [0x000000008e400000, 0x0000000100000000)
  region size 1024K, 3 young (3072K), 3 survivors (3072K)
 Metaspace       used 39540K, committed 40256K, reserved 1114112K
  class space    used 5360K, committed 5696K, reserved 1048576K
}
Event: 1763,801 GC heap before
{Heap before GC invocations=48 (full 17):
 garbage-first heap   total 48128K, used 25437K [0x000000008e400000, 0x0000000100000000)
  region size 1024K, 12 young (12288K), 3 survivors (3072K)
 Metaspace       used 39542K, committed 40256K, reserved 1114112K
  class space    used 5361K, committed 5696K, reserved 1048576K
}
Event: 1763,859 GC heap after
{Heap after GC invocations=49 (full 18):
 garbage-first heap   total 48128K, used 14743K [0x000000008e400000, 0x0000000100000000)
  region size 1024K, 0 young (0K), 0 survivors (0K)
 Metaspace       used 39519K, committed 40256K, reserved 1114112K
  class space    used 5355K, committed 5696K, reserved 1048576K
}
Event: 1764,242 GC heap before
{Heap before GC invocations=49 (full 18):
 garbage-first heap   total 48128K, used 39319K [0x000000008e400000, 0x0000000100000000)
  region size 1024K, 24 young (24576K), 0 survivors (0K)
 Metaspace       used 39627K, committed 40320K, reserved 1114112K
  class space    used 5373K, committed 5696K, reserved 1048576K
}
Event: 1764,246 GC heap after
{Heap after GC invocations=50 (full 18):
 garbage-first heap   total 48128K, used 17123K [0x000000008e400000, 0x0000000100000000)
  region size 1024K, 3 young (3072K), 3 survivors (3072K)
 Metaspace       used 39627K, committed 40320K, reserved 1114112K
  class space    used 5373K, committed 5696K, reserved 1048576K
}
Event: 2047,443 GC heap before
{Heap before GC invocations=50 (full 18):
 garbage-first heap   total 48128K, used 30435K [0x000000008e400000, 0x0000000100000000)
  region size 1024K, 17 young (17408K), 3 survivors (3072K)
 Metaspace       used 39664K, committed 40320K, reserved 1114112K
  class space    used 5376K, committed 5696K, reserved 1048576K
}
Event: 2047,489 GC heap after
{Heap after GC invocations=51 (full 19):
 garbage-first heap   total 48128K, used 14765K [0x000000008e400000, 0x0000000100000000)
  region size 1024K, 0 young (0K), 0 survivors (0K)
 Metaspace       used 39654K, committed 40320K, reserved 1114112K
  class space    used 5374K, committed 5696K, reserved 1048576K
}
Event: 2047,841 GC heap before
{Heap before GC invocations=51 (full 19):
 garbage-first heap   total 48128K, used 39341K [0x000000008e400000, 0x0000000100000000)
  region size 1024K, 24 young (24576K), 0 survivors (0K)
 Metaspace       used 39766K, committed 40448K, reserved 1114112K
  class space    used 5393K, committed 5696K, reserved 1048576K
}
Event: 2047,846 GC heap after
{Heap after GC invocations=52 (full 19):
 garbage-first heap   total 48128K, used 17198K [0x000000008e400000, 0x0000000100000000)
  region size 1024K, 3 young (3072K), 3 survivors (3072K)
 Metaspace       used 39766K, committed 40448K, reserved 1114112K
  class space    used 5393K, committed 5696K, reserved 1048576K
}
Event: 2235,759 GC heap before
{Heap before GC invocations=52 (full 19):
 garbage-first heap   total 48128K, used 27438K [0x000000008e400000, 0x0000000100000000)
  region size 1024K, 14 young (14336K), 3 survivors (3072K)
 Metaspace       used 39769K, committed 40448K, reserved 1114112K
  class space    used 5394K, committed 5696K, reserved 1048576K
}
Event: 2235,803 GC heap after
{Heap after GC invocations=53 (full 20):
 garbage-first heap   total 48128K, used 14786K [0x000000008e400000, 0x0000000100000000)
  region size 1024K, 0 young (0K), 0 survivors (0K)
 Metaspace       used 39755K, committed 40448K, reserved 1114112K
  class space    used 5390K, committed 5696K, reserved 1048576K
}
Event: 2236,252 GC heap before
{Heap before GC invocations=53 (full 20):
 garbage-first heap   total 48128K, used 39362K [0x000000008e400000, 0x0000000100000000)
  region size 1024K, 24 young (24576K), 0 survivors (0K)
 Metaspace       used 40110K, committed 40768K, reserved 1114112K
  class space    used 5456K, committed 5760K, reserved 1048576K
}
Event: 2236,255 GC heap after
{Heap after GC invocations=54 (full 20):
 garbage-first heap   total 48128K, used 15810K [0x000000008e400000, 0x0000000100000000)
  region size 1024K, 1 young (1024K), 1 survivors (1024K)
 Metaspace       used 40110K, committed 40768K, reserved 1114112K
  class space    used 5456K, committed 5760K, reserved 1048576K
}
Event: 2260,415 GC heap before
{Heap before GC invocations=54 (full 20):
 garbage-first heap   total 48128K, used 39362K [0x000000008e400000, 0x0000000100000000)
  region size 1024K, 24 young (24576K), 1 survivors (1024K)
 Metaspace       used 40206K, committed 40960K, reserved 1114112K
  class space    used 5471K, committed 5824K, reserved 1048576K
}
Event: 2260,418 GC heap after
{Heap after GC invocations=55 (full 20):
 garbage-first heap   total 48128K, used 16072K [0x000000008e400000, 0x0000000100000000)
  region size 1024K, 2 young (2048K), 2 survivors (2048K)
 Metaspace       used 40206K, committed 40960K, reserved 1114112K
  class space    used 5471K, committed 5824K, reserved 1048576K
}
Event: 2290,178 GC heap before
{Heap before GC invocations=55 (full 20):
 garbage-first heap   total 48128K, used 39624K [0x000000008e400000, 0x0000000100000000)
  region size 1024K, 25 young (25600K), 2 survivors (2048K)
 Metaspace       used 40289K, committed 41024K, reserved 1114112K
  class space    used 5486K, committed 5824K, reserved 1048576K
}
Event: 2290,182 GC heap after
{Heap after GC invocations=56 (full 20):
 garbage-first heap   total 48128K, used 16183K [0x000000008e400000, 0x0000000100000000)
  region size 1024K, 2 young (2048K), 2 survivors (2048K)
 Metaspace       used 40289K, committed 41024K, reserved 1114112K
  class space    used 5486K, committed 5824K, reserved 1048576K
}
Event: 2343,539 GC heap before
{Heap before GC invocations=56 (full 20):
 garbage-first heap   total 48128K, used 39735K [0x000000008e400000, 0x0000000100000000)
  region size 1024K, 25 young (25600K), 2 survivors (2048K)
 Metaspace       used 40399K, committed 41152K, reserved 1114112K
  class space    used 5504K, committed 5824K, reserved 1048576K
}

